Arguments: 
  C:\Program Files\nodejs\node.exe C:\Users\tkfkd\AppData\Roaming\npm\node_modules\yarn\bin\yarn.js add @redxjs/toolkit

PATH: 
  C:\Users\tkfkd\AppData\Local\Android\Sdk\platform-tools;C:\Users\tkfkd\AppData\Local\Programs\Python\Python38;C:\Program Files\NVIDIA GPU Computing Toolkit\CUDA\v11.1\bin;C:\Program Files\NVIDIA GPU Computing Toolkit\CUDA\v11.1\libnvvp;C:\Windows\system32;C:\Windows;C:\Windows\System32\Wbem;C:\Windows\System32\WindowsPowerShell\v1.0\;C:\Windows\System32\OpenSSH\;C:\Program Files (x86)\NVIDIA Corporation\PhysX\Common;C:\Program Files\NVIDIA Corporation\NVIDIA NvDLISR;C:\Program Files\NVIDIA Corporation\Nsight Compute 2020.2.1\;C:\Program Files\Git\cmd;C:\ProgramData\chocolatey\bin;C:\Users\tkfkd\AppData\Roaming\nvm;C:\Program Files\nodejs;C:\Program Files\Java\jdk-17.0.2\bin;C:\Program Files\Cloudflare\Cloudflare WARP;C:\Program Files\Cloudflare\Cloudflare WARP\;C:\Program Files (x86)\PuTTY\;C:\Program Files\Bandizip\;C:\Program Files\nodejs\;C:\Program Files\dotnet\;C:\openssl-0.9.8e_X64\bin;C:\Program Files\Microsoft SQL Server\130\Tools\Binn\;C:\Program Files\Microsoft SQL Server\150\Tools\Binn\;C:\Program Files\MySQL\MySQL Shell 8.0\bin\;C:\Users\tkfkd\AppData\Local\Programs\Python\Python38\Scripts\;C:\Users\tkfkd\AppData\Local\Programs\Python\Python38\;C:\Users\tkfkd\AppData\Local\Microsoft\WindowsApps;C:\opencv\build\x64\vc15\bin;C:\Users\tkfkd\AppData\Local\GitHubDesktop\bin;C:\Program Files\Bandizip\;C:\Users\tkfkd\AppData\Local\Programs\Microsoft VS Code\bin;C:\Program Files\JetBrains\WebStorm 2020.3.3\bin;C:\Users\tkfkd\AppData\Roaming\nvm;C:\Program Files\nodejs;C:\Users\tkfkd\spicetify-cli;C:\Users\tkfkd\AppData\Local\Programs\Python\Python38\Scripts;C:\Users\tkfkd\AppData\Roaming\npm;C:\Users\tkfkd\AppData\Local\Android\Sdk\;

Yarn version: 
  1.22.10

Node version: 
  16.16.0

Platform: 
  win32 x64

Trace: 
  Error: https://registry.yarnpkg.com/@redxjs%2ftoolkit: Not found
      at Request.params.callback [as _callback] (C:\Users\tkfkd\AppData\Roaming\npm\node_modules\yarn\lib\cli.js:66988:18)
      at Request.self.callback (C:\Users\tkfkd\AppData\Roaming\npm\node_modules\yarn\lib\cli.js:140662:22)
      at Request.emit (node:events:527:28)
      at Request.<anonymous> (C:\Users\tkfkd\AppData\Roaming\npm\node_modules\yarn\lib\cli.js:141634:10)
      at Request.emit (node:events:527:28)
      at IncomingMessage.<anonymous> (C:\Users\tkfkd\AppData\Roaming\npm\node_modules\yarn\lib\cli.js:141556:12)
      at Object.onceWrapper (node:events:641:28)
      at IncomingMessage.emit (node:events:539:35)
      at endReadableNT (node:internal/streams/readable:1345:12)
      at processTicksAndRejections (node:internal/process/task_queues:83:21)

npm manifest: 
  {
    "dependencies": {}
  }

yarn manifest: 
  No manifest

Lockfile: 
  # THIS IS AN AUTOGENERATED FILE. DO NOT EDIT THIS FILE DIRECTLY.
  # yarn lockfile v1
